<?xml version="1.0" encoding="UTF-8"?>
<testng-results ignored="0" total="1" passed="1" failed="0" skipped="0">
  <reporter-output>
  </reporter-output>
  <suite started-at="2023-08-04T17:44:41 IST" name="Default suite" finished-at="2023-08-04T17:44:41 IST" duration-ms="109">
    <groups>
    </groups>
    <test started-at="2023-08-04T17:44:41 IST" name="Default test" finished-at="2023-08-04T17:44:41 IST" duration-ms="109">
      <class name="Git.Sample">
        <test-method signature="demo()[pri:0, instance:Git.Sample@7e9131d5]" started-at="2023-08-04T17:44:41 IST" name="demo" finished-at="2023-08-04T17:44:41 IST" duration-ms="16" status="PASS">
          <reporter-output>
          </reporter-output>
        </test-method> <!-- demo -->
      </class> <!-- Git.Sample -->
    </test> <!-- Default test -->
  </suite> <!-- Default suite -->
</testng-results>
